
[94m======================================================================[0m
[94m               EMIPredict AI - Comprehensive Test Suite               [0m
[94m======================================================================[0m

[94m======================================================================[0m
[94m                        TEST 1: FILE STRUCTURE                        [0m
[94m======================================================================[0m

python : Traceback (most recent call last):
At line:1 char:1
+ python test_project.py 2>&1 | Out-File -FilePath test_results.txt -En ...
+ ~~~~~~~~~~~~~~~~~~~~~~~~~~~
    + CategoryInfo          : NotSpecified: (Traceback (most recent call last)::String) [], RemoteExcep 
   tion
    + FullyQualifiedErrorId : NativeCommandError
 
  File "C:\Users\Shyam\OneDrive\Documents\New folder\test_project.py", line 384, in <module>
    success = main()
              ^^^^^^
  File "C:\Users\Shyam\OneDrive\Documents\New folder\test_project.py", line 369, in main
    test_file_structure(runner)
  File "C:\Users\Shyam\OneDrive\Documents\New folder\test_project.py", line 88, in test_file_structure
    runner.print_test(f"File exists: {file_path}", "PASS")
  File "C:\Users\Shyam\OneDrive\Documents\New folder\test_project.py", line 35, in print_test
    print(f"{GREEN}\u2713{RESET} {test_name}")
  File "C:\Users\Shyam\AppData\Local\Programs\Python\Python312\Lib\encodings\cp1252.py", line 19, in 
encode
    return codecs.charmap_encode(input,self.errors,encoding_table)[0]
           ^^^^^^^^^^^^^^^^^^^^^^^^^^^^^^^^^^^^^^^^^^^^^^^^^^^^^^^
UnicodeEncodeError: 'charmap' codec can't encode character '\u2713' in position 5: character maps to 
<undefined>
